1
3
7
23
99
545
3611
27811
243307
2379845
25715955
304091207
904730702
94818463
100888591
364561447
345262054
970066389
368636486
831219281
877892472
553393960
712445420
225058472
34079801
917313103
981579741
422204529
511614861
910083078
31187599
964229105
543194101
463060626
415255511
427732103
560491164
765841221
713206946
278951218
647961609
86202432
462543001
364898312
735814135
454720882
798393508
827228906
269988214
839545213
34930502
593893327
564225303
917879921
22462431
172331170
843479664
973395964
226780963
552636036
672329502
645373482
622141720
985153178
121083135
664323692
232535167
163147051
954869408
781591971
503793347
245244947
120831482
886846686
338629232
721659346
781702117
536077425
601745562
516652724
879175727
9488258
502975191
514678160
889904065
119109474
641094318
551546118
475125250
213708420
289827655
147351132
661440036
311097857
281601263
232885108
888318719
687270644
729985570
755950955
