1
3
7
23
99
545
3611
27811
243307
2379845
25715955
304091207
904730702
94818463
100888591
364561447
345262054
-29933618
368636486
-168780726
-122107535
-446606047
712445420
225058472
34079801
-82686904
-18420266
422204529
511614861
-89916929
31187599
-35770902
543194101
463060626
415255511
427732103
-439508843
-234158786
-286793061
278951218
-352038398
86202432
462543001
364898312
-264185872
-545279125
798393508
-172771101
269988214
-160454794
34930502
593893327
564225303
-82120086
22462431
172331170
843479664
-26604043
226780963
552636036
-327670505
645373482
622141720
-14846829
121083135
664323692
232535167
163147051
-45130599
781591971
-496206660
245244947
120831482
-113153321
338629232
721659346
-218297890
-463922582
601745562
-483347283
-120824280
9488258
-497024816
-485321847
-110095942
119109474
-358905689
551546118
475125250
213708420
289827655
147351132
661440036
311097857
281601263
232885108
-111681288
687270644
729985570
-244049052
